\BOOKMARK [1][-]{section.1}{\376\377\000S\000o\000u\000r\000c\000e}{}% 1
\BOOKMARK [1][-]{section.2}{\376\377\000C\000r\000a\000w\000l\000i\000n\000g}{}% 2
\BOOKMARK [1][-]{section.3}{\376\377\000D\000a\000t\000a\000\040\000F\000o\000r\000m\000a\000t}{}% 3
\BOOKMARK [1][-]{section.4}{\376\377\000P\000r\000e\000p\000r\000o\000c\000e\000s\000s\000i\000n\000g}{}% 4
\BOOKMARK [1][-]{section.5}{\376\377\000L\000a\000b\000e\000l\000i\000n\000g}{}% 5
\BOOKMARK [1][-]{section.6}{\376\377\000S\000t\000a\000t\000i\000s\000t\000i\000c\000s}{}% 6
\BOOKMARK [2][-]{subsection.6.1}{\376\377\000D\000a\000t\000a\000\040\000C\000o\000u\000n\000t}{section.6}% 7
\BOOKMARK [2][-]{subsection.6.2}{\376\377\000S\000e\000n\000t\000e\000n\000c\000e\000\040\000C\000o\000u\000n\000t}{section.6}% 8
\BOOKMARK [2][-]{subsection.6.3}{\376\377\000W\000o\000r\000d\000\040\000C\000o\000u\000n\000t}{section.6}% 9
\BOOKMARK [2][-]{subsection.6.4}{\376\377\000U\000n\000i\000q\000u\000e\000\040\000W\000o\000r\000d\000\040\000C\000o\000u\000n\000t}{section.6}% 10
\BOOKMARK [2][-]{subsection.6.5}{\376\377\000C\000o\000m\000m\000o\000n\000\040\000a\000n\000d\000\040\000U\000n\000c\000o\000m\000m\000o\000n\000\040\000U\000n\000i\000q\000u\000e\000\040\000W\000o\000r\000d\000s}{section.6}% 11
\BOOKMARK [2][-]{subsection.6.6}{\376\377\000T\000F\000-\000I\000D\000F}{section.6}% 12
\BOOKMARK [3][-]{subsubsection.6.6.1}{\376\377\000S\000a\000d\000n\000e\000s\000s}{subsection.6.6}% 13
\BOOKMARK [3][-]{subsubsection.6.6.2}{\376\377\000H\000a\000p\000p\000i\000n\000e\000s\000s}{subsection.6.6}% 14
\BOOKMARK [3][-]{subsubsection.6.6.3}{\376\377\000A\000n\000g\000e\000r}{subsection.6.6}% 15
\BOOKMARK [3][-]{subsubsection.6.6.4}{\376\377\000F\000e\000a\000r}{subsection.6.6}% 16
\BOOKMARK [3][-]{subsubsection.6.6.5}{\376\377\000D\000i\000s\000g\000u\000s\000t}{subsection.6.6}% 17
\BOOKMARK [3][-]{subsubsection.6.6.6}{\376\377\000S\000u\000r\000p\000r\000i\000s\000e}{subsection.6.6}% 18
\BOOKMARK [3][-]{subsubsection.6.6.7}{\376\377\000N\000e\000u\000t\000r\000a\000l}{subsection.6.6}% 19
\BOOKMARK [2][-]{subsection.6.7}{\376\377\000T\000o\000p\000\040\000U\000n\000i\000q\000u\000e\000\040\000W\000o\000r\000d\000s}{section.6}% 20
